     1 00000000                                 [FORMAT "WCOFF"]
     2 00000000                                 [INSTRSET "i486p"]
     3 00000000                                 [OPTIMIZE 1]
     4 00000000                                 [OPTION 1]
     5 00000000                                 [BITS 32]
     6 00000000                                 	EXTERN	_init_gdtidt
     7 00000000                                 	EXTERN	_init_pic
     8 00000000                                 	EXTERN	_io_sti
     9 00000000                                 	EXTERN	_fifo32_init
    10 00000000                                 	EXTERN	_init_pit
    11 00000000                                 	EXTERN	_init_keyboard
    12 00000000                                 	EXTERN	_enable_mouse
    13 00000000                                 	EXTERN	_io_out8
    14 00000000                                 	EXTERN	_memtest
    15 00000000                                 	EXTERN	_memman_init
    16 00000000                                 	EXTERN	_memman_free
    17 00000000                                 	EXTERN	_init_palette
    18 00000000                                 	EXTERN	_shtctl_init
    19 00000000                                 	EXTERN	_task_init
    20 00000000                                 	EXTERN	_task_run
    21 00000000                                 	EXTERN	_sheet_alloc
    22 00000000                                 	EXTERN	_memman_alloc_4k
    23 00000000                                 	EXTERN	_sheet_setbuf
    24 00000000                                 	EXTERN	_init_screen8
    25 00000000                                 	EXTERN	_make_window8
    26 00000000                                 	EXTERN	_make_textbox8
    27 00000000                                 	EXTERN	_task_alloc
    28 00000000                                 	EXTERN	_console_task
    29 00000000                                 	EXTERN	_timer_alloc
    30 00000000                                 	EXTERN	_timer_init
    31 00000000                                 	EXTERN	_timer_settime
    32 00000000                                 	EXTERN	_init_mouse_cursor8
    33 00000000                                 	EXTERN	_sheet_slide
    34 00000000                                 	EXTERN	_sheet_updown
    35 00000000                                 	EXTERN	_fifo32_put
    36 00000000                                 	EXTERN	_fifo32_status
    37 00000000                                 	EXTERN	_io_cli
    38 00000000                                 	EXTERN	_fifo32_get
    39 00000000                                 	EXTERN	_boxfill8
    40 00000000                                 	EXTERN	_sheet_refresh
    41 00000000                                 	EXTERN	_mouse_decode
    42 00000000                                 	EXTERN	_sprintf
    43 00000000                                 	EXTERN	_putfonts8_asc_sht
    44 00000000                                 	EXTERN	_keytable_shift.1
    45 00000000                                 	EXTERN	_wait_KBC_sendready
    46 00000000                                 	EXTERN	_make_wtitle8
    47 00000000                                 	EXTERN	_keytable0.0
    48 00000000                                 	EXTERN	_task_sleep
    49 00000000                                 [FILE "bootpack.c"]
    50                                          [SECTION .data]
    51 00000000                                 _keytable0.0:
    52 00000000 00                              	DB	0
    53 00000001 60                              	DB	96
    54 00000002 31                              	DB	49
    55 00000003 32                              	DB	50
    56 00000004 33                              	DB	51
    57 00000005 34                              	DB	52
    58 00000006 35                              	DB	53
    59 00000007 36                              	DB	54
    60 00000008 37                              	DB	55
    61 00000009 38                              	DB	56
    62 0000000A 39                              	DB	57
    63 0000000B 30                              	DB	48
    64 0000000C 2D                              	DB	45
    65 0000000D 3D                              	DB	61
    66 0000000E 00                              	DB	0
    67 0000000F 00                              	DB	0
    68 00000010 51                              	DB	81
    69 00000011 57                              	DB	87
    70 00000012 45                              	DB	69
    71 00000013 52                              	DB	82
    72 00000014 54                              	DB	84
    73 00000015 59                              	DB	89
    74 00000016 55                              	DB	85
    75 00000017 49                              	DB	73
    76 00000018 4F                              	DB	79
    77 00000019 50                              	DB	80
    78 0000001A 5B                              	DB	91
    79 0000001B 5D                              	DB	93
    80 0000001C 00                              	DB	0
    81 0000001D 00                              	DB	0
    82 0000001E 41                              	DB	65
    83 0000001F 53                              	DB	83
    84 00000020 44                              	DB	68
    85 00000021 46                              	DB	70
    86 00000022 47                              	DB	71
    87 00000023 48                              	DB	72
    88 00000024 4A                              	DB	74
    89 00000025 4B                              	DB	75
    90 00000026 4C                              	DB	76
    91 00000027 3B                              	DB	59
    92 00000028 27                              	DB	39
    93 00000029 00                              	DB	0
    94 0000002A 00                              	DB	0
    95 0000002B 5C                              	DB	92
    96 0000002C 5A                              	DB	90
    97 0000002D 58                              	DB	88
    98 0000002E 43                              	DB	67
    99 0000002F 56                              	DB	86
   100 00000030 42                              	DB	66
   101 00000031 4E                              	DB	78
   102 00000032 4D                              	DB	77
   103 00000033 2C                              	DB	44
   104 00000034 2E                              	DB	46
   105 00000035 2F                              	DB	47
   106 00000036 00                              	DB	0
   107 00000037 00                              	DB	0
   108 00000038 00                              	DB	0
   109 00000039 20                              	DB	32
   110 0000003A 00                              	DB	0
   111 0000003B 00                              	DB	0
   112 0000003C 00                              	DB	0
   113 0000003D 00                              	DB	0
   114 0000003E 00                              	DB	0
   115 0000003F 00                              	DB	0
   116 00000040 00                              	DB	0
   117 00000041 00                              	DB	0
   118 00000042 00                              	DB	0
   119 00000043 00                              	DB	0
   120 00000044 00                              	DB	0
   121 00000045 00                              	DB	0
   122 00000046 00                              	DB	0
   123 00000047 00                              	DB	0
   124 00000048 00                              	DB	0
   125 00000049 00                              	DB	0
   126 0000004A 00                              	DB	0
   127 0000004B 00                              	DB	0
   128 0000004C 00                              	DB	0
   129 0000004D 00                              	DB	0
   130 0000004E 00                              	DB	0
   131 0000004F 00                              	DB	0
   132 00000050 00                              	DB	0
   133 00000051 00                              	DB	0
   134 00000052 00                              	DB	0
   135 00000053 00                              	DB	0
   136 00000054 00                              	DB	0
   137 00000055 00                              	DB	0
   138 00000056 00                              	DB	0
   139 00000057 00                              	DB	0
   140 00000058 00                              	DB	0
   141 00000059 00                              	DB	0
   142 0000005A 00                              	DB	0
   143 0000005B 00                              	DB	0
   144 0000005C 00                              	DB	0
   145 0000005D 00                              	DB	0
   146 0000005E 00                              	DB	0
   147 0000005F 00                              	DB	0
   148 00000060 00                              	DB	0
   149 00000061 00                              	DB	0
   150 00000062 00                              	DB	0
   151 00000063 00                              	DB	0
   152 00000064 00                              	DB	0
   153 00000065 00                              	DB	0
   154 00000066 00                              	DB	0
   155 00000067 00                              	DB	0
   156 00000068 00                              	DB	0
   157 00000069 00                              	DB	0
   158 0000006A 00                              	DB	0
   159 0000006B 00                              	DB	0
   160 0000006C 00                              	DB	0
   161 0000006D 00                              	DB	0
   162 0000006E 00                              	DB	0
   163 0000006F 00                              	DB	0
   164 00000070 00                              	DB	0
   165 00000071 00                              	DB	0
   166 00000072 00                              	DB	0
   167 00000073 00                              	DB	0
   168 00000074 00                              	DB	0
   169 00000075 00                              	DB	0
   170 00000076 00                              	DB	0
   171 00000077 00                              	DB	0
   172 00000078 00                              	DB	0
   173 00000079 00                              	DB	0
   174 0000007A 00                              	DB	0
   175 0000007B 00                              	DB	0
   176 0000007C 00                              	DB	0
   177 0000007D 00                              	DB	0
   178 0000007E 00                              	DB	0
   179 0000007F 00                              	DB	0
   180 00000080                                 _keytable_shift.1:
   181 00000080 00                              	DB	0
   182 00000081 7E                              	DB	126
   183 00000082 21                              	DB	33
   184 00000083 40                              	DB	64
   185 00000084 23                              	DB	35
   186 00000085 24                              	DB	36
   187 00000086 25                              	DB	37
   188 00000087 5E                              	DB	94
   189 00000088 26                              	DB	38
   190 00000089 2A                              	DB	42
   191 0000008A 28                              	DB	40
   192 0000008B 29                              	DB	41
   193 0000008C 5F                              	DB	95
   194 0000008D 2B                              	DB	43
   195 0000008E 00                              	DB	0
   196 0000008F 00                              	DB	0
   197 00000090 51                              	DB	81
   198 00000091 57                              	DB	87
   199 00000092 45                              	DB	69
   200 00000093 52                              	DB	82
   201 00000094 54                              	DB	84
   202 00000095 59                              	DB	89
   203 00000096 55                              	DB	85
   204 00000097 49                              	DB	73
   205 00000098 4F                              	DB	79
   206 00000099 50                              	DB	80
   207 0000009A 7B                              	DB	123
   208 0000009B 7D                              	DB	125
   209 0000009C 00                              	DB	0
   210 0000009D 00                              	DB	0
   211 0000009E 41                              	DB	65
   212 0000009F 53                              	DB	83
   213 000000A0 44                              	DB	68
   214 000000A1 46                              	DB	70
   215 000000A2 47                              	DB	71
   216 000000A3 48                              	DB	72
   217 000000A4 4A                              	DB	74
   218 000000A5 4B                              	DB	75
   219 000000A6 4C                              	DB	76
   220 000000A7 3A                              	DB	58
   221 000000A8 22                              	DB	34
   222 000000A9 00                              	DB	0
   223 000000AA 00                              	DB	0
   224 000000AB 7C                              	DB	124
   225 000000AC 5A                              	DB	90
   226 000000AD 58                              	DB	88
   227 000000AE 43                              	DB	67
   228 000000AF 56                              	DB	86
   229 000000B0 42                              	DB	66
   230 000000B1 4E                              	DB	78
   231 000000B2 4D                              	DB	77
   232 000000B3 3C                              	DB	60
   233 000000B4 3E                              	DB	62
   234 000000B5 3F                              	DB	63
   235 000000B6 00                              	DB	0
   236 000000B7 00                              	DB	0
   237 000000B8 00                              	DB	0
   238 000000B9 20                              	DB	32
   239 000000BA 00                              	DB	0
   240 000000BB 00                              	DB	0
   241 000000BC 00                              	DB	0
   242 000000BD 00                              	DB	0
   243 000000BE 00                              	DB	0
   244 000000BF 00                              	DB	0
   245 000000C0 00                              	DB	0
   246 000000C1 00                              	DB	0
   247 000000C2 00                              	DB	0
   248 000000C3 00                              	DB	0
   249 000000C4 00                              	DB	0
   250 000000C5 00                              	DB	0
   251 000000C6 00                              	DB	0
   252 000000C7 00                              	DB	0
   253 000000C8 00                              	DB	0
   254 000000C9 00                              	DB	0
   255 000000CA 00                              	DB	0
   256 000000CB 00                              	DB	0
   257 000000CC 00                              	DB	0
   258 000000CD 00                              	DB	0
   259 000000CE 00                              	DB	0
   260 000000CF 00                              	DB	0
   261 000000D0 00                              	DB	0
   262 000000D1 00                              	DB	0
   263 000000D2 00                              	DB	0
   264 000000D3 00                              	DB	0
   265 000000D4 00                              	DB	0
   266 000000D5 00                              	DB	0
   267 000000D6 00                              	DB	0
   268 000000D7 00                              	DB	0
   269 000000D8 00                              	DB	0
   270 000000D9 00                              	DB	0
   271 000000DA 00                              	DB	0
   272 000000DB 00                              	DB	0
   273 000000DC 00                              	DB	0
   274 000000DD 00                              	DB	0
   275 000000DE 00                              	DB	0
   276 000000DF 00                              	DB	0
   277 000000E0 00                              	DB	0
   278 000000E1 00                              	DB	0
   279 000000E2 00                              	DB	0
   280 000000E3 00                              	DB	0
   281 000000E4 00                              	DB	0
   282 000000E5 00                              	DB	0
   283 000000E6 00                              	DB	0
   284 000000E7 00                              	DB	0
   285 000000E8 00                              	DB	0
   286 000000E9 00                              	DB	0
   287 000000EA 00                              	DB	0
   288 000000EB 00                              	DB	0
   289 000000EC 00                              	DB	0
   290 000000ED 00                              	DB	0
   291 000000EE 00                              	DB	0
   292 000000EF 00                              	DB	0
   293 000000F0 00                              	DB	0
   294 000000F1 00                              	DB	0
   295 000000F2 00                              	DB	0
   296 000000F3 00                              	DB	0
   297 000000F4 00                              	DB	0
   298 000000F5 00                              	DB	0
   299 000000F6 00                              	DB	0
   300 000000F7 00                              	DB	0
   301 000000F8 00                              	DB	0
   302 000000F9 00                              	DB	0
   303 000000FA 00                              	DB	0
   304 000000FB 00                              	DB	0
   305 000000FC 00                              	DB	0
   306 000000FD 00                              	DB	0
   307 000000FE 00                              	DB	0
   308 000000FF 00                              	DB	0
   309 00000100                                 LC0:
   310 00000100 63 6F 6E 73 6F 6C 65 00         	DB	"console",0x00
   311 00000108                                 LC1:
   312 00000108 74 61 73 6B 5F 61 00            	DB	"task_a",0x00
   313 0000010F                                 LC2:
   314 0000010F 25 30 32 58 00                  	DB	"%02X",0x00
   315 00000114                                 LC3:
   316 00000114 20 00                           	DB	" ",0x00
   317                                          [SECTION .text]
   318 00000000                                 	GLOBAL	_HariMain
   319 00000000                                 _HariMain:
   320 00000000 55                              	PUSH	EBP
   321 00000001 89 E5                           	MOV	EBP,ESP
   322 00000003 57                              	PUSH	EDI
   323 00000004 56                              	PUSH	ESI
   324 00000005 53                              	PUSH	EBX
   325 00000006 81 EC 0000044C                  	SUB	ESP,1100
   326 0000000C C7 85 FFFFFBBC 00000000         	MOV	DWORD [-1092+EBP],0
   327 00000016 C7 85 FFFFFBB8 00000000         	MOV	DWORD [-1096+EBP],0
   328 00000020 C7 85 FFFFFBB4 00000000         	MOV	DWORD [-1100+EBP],0
   329 0000002A A0 00000FF1                     	MOV	AL,BYTE [4081]
   330 0000002F C0 F8 04                        	SAR	AL,4
   331 00000032 89 C2                           	MOV	EDX,EAX
   332 00000034 83 E2 07                        	AND	EDX,7
   333 00000037 89 95 FFFFFBB0                  	MOV	DWORD [-1104+EBP],EDX
   334 0000003D C7 85 FFFFFBAC FFFFFFFF         	MOV	DWORD [-1108+EBP],-1
   335 00000047 E8 [00000000]                   	CALL	_init_gdtidt
   336 0000004C E8 [00000000]                   	CALL	_init_pic
   337 00000051 E8 [00000000]                   	CALL	_io_sti
   338 00000056 8D 85 FFFFFD84                  	LEA	EAX,DWORD [-636+EBP]
   339 0000005C 6A 00                           	PUSH	0
   340 0000005E 50                              	PUSH	EAX
   341 0000005F 8D 45 A4                        	LEA	EAX,DWORD [-92+EBP]
   342 00000062 68 00000080                     	PUSH	128
   343 00000067 50                              	PUSH	EAX
   344 00000068 E8 [00000000]                   	CALL	_fifo32_init
   345 0000006D E8 [00000000]                   	CALL	_init_pit
   346 00000072 8D 55 A4                        	LEA	EDX,DWORD [-92+EBP]
   347 00000075 68 00000100                     	PUSH	256
   348 0000007A 52                              	PUSH	EDX
   349 0000007B E8 [00000000]                   	CALL	_init_keyboard
   350 00000080 8D 85 FFFFFCF4                  	LEA	EAX,DWORD [-780+EBP]
   351 00000086 50                              	PUSH	EAX
   352 00000087 8D 45 A4                        	LEA	EAX,DWORD [-92+EBP]
   353 0000008A 68 00000200                     	PUSH	512
   354 0000008F 50                              	PUSH	EAX
   355 00000090 E8 [00000000]                   	CALL	_enable_mouse
   356 00000095 83 C4 24                        	ADD	ESP,36
   357 00000098 68 000000F8                     	PUSH	248
   358 0000009D 6A 21                           	PUSH	33
   359 0000009F E8 [00000000]                   	CALL	_io_out8
   360 000000A4 68 000000EF                     	PUSH	239
   361 000000A9 68 000000A1                     	PUSH	161
   362 000000AE E8 [00000000]                   	CALL	_io_out8
   363 000000B3 8D 55 84                        	LEA	EDX,DWORD [-124+EBP]
   364 000000B6 6A 00                           	PUSH	0
   365 000000B8 8D 85 FFFFFD04                  	LEA	EAX,DWORD [-764+EBP]
   366 000000BE 50                              	PUSH	EAX
   367 000000BF 6A 20                           	PUSH	32
   368 000000C1 52                              	PUSH	EDX
   369 000000C2 E8 [00000000]                   	CALL	_fifo32_init
   370 000000C7 83 C4 20                        	ADD	ESP,32
   371 000000CA 68 BFFFFFFF                     	PUSH	-1073741825
   372 000000CF 68 00400000                     	PUSH	4194304
   373 000000D4 E8 [00000000]                   	CALL	_memtest
   374 000000D9 68 03C00000                     	PUSH	62914560
   375 000000DE 89 85 FFFFFBE0                  	MOV	DWORD [-1056+EBP],EAX
   376 000000E4 E8 [00000000]                   	CALL	_memman_init
   377 000000E9 68 0009E000                     	PUSH	647168
   378 000000EE 68 00001000                     	PUSH	4096
   379 000000F3 68 03C00000                     	PUSH	62914560
   380 000000F8 E8 [00000000]                   	CALL	_memman_free
   381 000000FD 8B 85 FFFFFBE0                  	MOV	EAX,DWORD [-1056+EBP]
   382 00000103 2D 00400000                     	SUB	EAX,4194304
   383 00000108 50                              	PUSH	EAX
   384 00000109 68 00400000                     	PUSH	4194304
   385 0000010E 68 03C00000                     	PUSH	62914560
   386 00000113 E8 [00000000]                   	CALL	_memman_free
   387 00000118 83 C4 24                        	ADD	ESP,36
   388 0000011B E8 [00000000]                   	CALL	_init_palette
   389 00000120 0F BF 05 00000FF6               	MOVSX	EAX,WORD [4086]
   390 00000127 50                              	PUSH	EAX
   391 00000128 0F BF 05 00000FF4               	MOVSX	EAX,WORD [4084]
   392 0000012F 50                              	PUSH	EAX
   393 00000130 FF 35 00000FF8                  	PUSH	DWORD [4088]
   394 00000136 68 03C00000                     	PUSH	62914560
   395 0000013B E8 [00000000]                   	CALL	_shtctl_init
   396 00000140 68 03C00000                     	PUSH	62914560
   397 00000145 89 C6                           	MOV	ESI,EAX
   398 00000147 E8 [00000000]                   	CALL	_task_init
   399 0000014C 6A 02                           	PUSH	2
   400 0000014E 6A 01                           	PUSH	1
   401 00000150 89 85 FFFFFBC8                  	MOV	DWORD [-1080+EBP],EAX
   402 00000156 50                              	PUSH	EAX
   403 00000157 89 45 BC                        	MOV	DWORD [-68+EBP],EAX
   404 0000015A E8 [00000000]                   	CALL	_task_run
   405 0000015F 83 C4 20                        	ADD	ESP,32
   406 00000162 56                              	PUSH	ESI
   407 00000163 E8 [00000000]                   	CALL	_sheet_alloc
   408 00000168 0F BF 15 00000FF6               	MOVSX	EDX,WORD [4086]
   409 0000016F 89 85 FFFFFBD4                  	MOV	DWORD [-1068+EBP],EAX
   410 00000175 0F BF 05 00000FF4               	MOVSX	EAX,WORD [4084]
   411 0000017C 0F AF C2                        	IMUL	EAX,EDX
   412 0000017F 50                              	PUSH	EAX
   413 00000180 68 03C00000                     	PUSH	62914560
   414 00000185 E8 [00000000]                   	CALL	_memman_alloc_4k
   415 0000018A 6A FF                           	PUSH	-1
   416 0000018C 89 C3                           	MOV	EBX,EAX
   417 0000018E 0F BF 05 00000FF6               	MOVSX	EAX,WORD [4086]
   418 00000195 50                              	PUSH	EAX
   419 00000196 0F BF 05 00000FF4               	MOVSX	EAX,WORD [4084]
   420 0000019D 50                              	PUSH	EAX
   421 0000019E 53                              	PUSH	EBX
   422 0000019F FF B5 FFFFFBD4                  	PUSH	DWORD [-1068+EBP]
   423 000001A5 E8 [00000000]                   	CALL	_sheet_setbuf
   424 000001AA 83 C4 20                        	ADD	ESP,32
   425 000001AD 0F BF 05 00000FF6               	MOVSX	EAX,WORD [4086]
   426 000001B4 50                              	PUSH	EAX
   427 000001B5 0F BF 05 00000FF4               	MOVSX	EAX,WORD [4084]
   428 000001BC 50                              	PUSH	EAX
   429 000001BD 53                              	PUSH	EBX
   430 000001BE 8D 9D FFFFFBF4                  	LEA	EBX,DWORD [-1036+EBP]
   431 000001C4 E8 [00000000]                   	CALL	_init_screen8
   432 000001C9 56                              	PUSH	ESI
   433 000001CA E8 [00000000]                   	CALL	_sheet_alloc
   434 000001CF 68 0000A500                     	PUSH	42240
   435 000001D4 68 03C00000                     	PUSH	62914560
   436 000001D9 89 85 FFFFFBCC                  	MOV	DWORD [-1076+EBP],EAX
   437 000001DF E8 [00000000]                   	CALL	_memman_alloc_4k
   438 000001E4 6A FF                           	PUSH	-1
   439 000001E6 68 000000A5                     	PUSH	165
   440 000001EB 89 85 FFFFFBD8                  	MOV	DWORD [-1064+EBP],EAX
   441 000001F1 68 00000100                     	PUSH	256
   442 000001F6 50                              	PUSH	EAX
   443 000001F7 FF B5 FFFFFBCC                  	PUSH	DWORD [-1076+EBP]
   444 000001FD E8 [00000000]                   	CALL	_sheet_setbuf
   445 00000202 83 C4 2C                        	ADD	ESP,44
   446 00000205 6A 00                           	PUSH	0
   447 00000207 68 [00000100]                   	PUSH	LC0
   448 0000020C 68 000000A5                     	PUSH	165
   449 00000211 68 00000100                     	PUSH	256
   450 00000216 FF B5 FFFFFBD8                  	PUSH	DWORD [-1064+EBP]
   451 0000021C E8 [00000000]                   	CALL	_make_window8
   452 00000221 6A 00                           	PUSH	0
   453 00000223 68 00000080                     	PUSH	128
   454 00000228 68 000000F0                     	PUSH	240
   455 0000022D 6A 1C                           	PUSH	28
   456 0000022F 6A 08                           	PUSH	8
   457 00000231 FF B5 FFFFFBCC                  	PUSH	DWORD [-1076+EBP]
   458 00000237 E8 [00000000]                   	CALL	_make_textbox8
   459 0000023C 83 C4 2C                        	ADD	ESP,44
   460 0000023F E8 [00000000]                   	CALL	_task_alloc
   461 00000244 68 00010000                     	PUSH	65536
   462 00000249 68 03C00000                     	PUSH	62914560
   463 0000024E 89 85 FFFFFBC4                  	MOV	DWORD [-1084+EBP],EAX
   464 00000254 E8 [00000000]                   	CALL	_memman_alloc_4k
   465 00000259 8B 95 FFFFFBC4                  	MOV	EDX,DWORD [-1084+EBP]
   466 0000025F 05 0000FFF4                     	ADD	EAX,65524
   467 00000264 89 42 64                        	MOV	DWORD [100+EDX],EAX
   468 00000267 C7 42 4C [00000000]             	MOV	DWORD [76+EDX],_console_task
   469 0000026E C7 42 74 00000008               	MOV	DWORD [116+EDX],8
   470 00000275 C7 42 78 00000010               	MOV	DWORD [120+EDX],16
   471 0000027C C7 42 7C 00000008               	MOV	DWORD [124+EDX],8
   472 00000283 C7 82 00000080 00000008         	MOV	DWORD [128+EDX],8
   473 0000028D C7 82 00000084 00000008         	MOV	DWORD [132+EDX],8
   474 00000297 C7 82 00000088 00000008         	MOV	DWORD [136+EDX],8
   475 000002A1 8B 95 FFFFFBCC                  	MOV	EDX,DWORD [-1076+EBP]
   476 000002A7 89 50 04                        	MOV	DWORD [4+EAX],EDX
   477 000002AA 8B 95 FFFFFBC4                  	MOV	EDX,DWORD [-1084+EBP]
   478 000002B0 8B 42 64                        	MOV	EAX,DWORD [100+EDX]
   479 000002B3 8B 95 FFFFFBE0                  	MOV	EDX,DWORD [-1056+EBP]
   480 000002B9 89 50 08                        	MOV	DWORD [8+EAX],EDX
   481 000002BC 6A 02                           	PUSH	2
   482 000002BE 6A 02                           	PUSH	2
   483 000002C0 FF B5 FFFFFBC4                  	PUSH	DWORD [-1084+EBP]
   484 000002C6 E8 [00000000]                   	CALL	_task_run
   485 000002CB 56                              	PUSH	ESI
   486 000002CC E8 [00000000]                   	CALL	_sheet_alloc
   487 000002D1 68 00002080                     	PUSH	8320
   488 000002D6 68 03C00000                     	PUSH	62914560
   489 000002DB 89 C7                           	MOV	EDI,EAX
   490 000002DD E8 [00000000]                   	CALL	_memman_alloc_4k
   491 000002E2 83 C4 20                        	ADD	ESP,32
   492 000002E5 6A FF                           	PUSH	-1
   493 000002E7 89 85 FFFFFBDC                  	MOV	DWORD [-1060+EBP],EAX
   494 000002ED 6A 34                           	PUSH	52
   495 000002EF 68 00000090                     	PUSH	144
   496 000002F4 50                              	PUSH	EAX
   497 000002F5 57                              	PUSH	EDI
   498 000002F6 E8 [00000000]                   	CALL	_sheet_setbuf
   499 000002FB 6A 01                           	PUSH	1
   500 000002FD 68 [00000108]                   	PUSH	LC1
   501 00000302 6A 34                           	PUSH	52
   502 00000304 68 00000090                     	PUSH	144
   503 00000309 FF B5 FFFFFBDC                  	PUSH	DWORD [-1060+EBP]
   504 0000030F E8 [00000000]                   	CALL	_make_window8
   505 00000314 83 C4 28                        	ADD	ESP,40
   506 00000317 6A 07                           	PUSH	7
   507 00000319 6A 10                           	PUSH	16
   508 0000031B 68 00000080                     	PUSH	128
   509 00000320 6A 1C                           	PUSH	28
   510 00000322 6A 08                           	PUSH	8
   511 00000324 57                              	PUSH	EDI
   512 00000325 E8 [00000000]                   	CALL	_make_textbox8
   513 0000032A C7 85 FFFFFBE8 00000008         	MOV	DWORD [-1048+EBP],8
   514 00000334 C7 85 FFFFFBE4 00000007         	MOV	DWORD [-1052+EBP],7
   515 0000033E E8 [00000000]                   	CALL	_timer_alloc
   516 00000343 6A 01                           	PUSH	1
   517 00000345 89 85 FFFFFBC0                  	MOV	DWORD [-1088+EBP],EAX
   518 0000034B 8D 45 A4                        	LEA	EAX,DWORD [-92+EBP]
   519 0000034E 50                              	PUSH	EAX
   520 0000034F FF B5 FFFFFBC0                  	PUSH	DWORD [-1088+EBP]
   521 00000355 E8 [00000000]                   	CALL	_timer_init
   522 0000035A 83 C4 24                        	ADD	ESP,36
   523 0000035D 6A 32                           	PUSH	50
   524 0000035F FF B5 FFFFFBC0                  	PUSH	DWORD [-1088+EBP]
   525 00000365 E8 [00000000]                   	CALL	_timer_settime
   526 0000036A 56                              	PUSH	ESI
   527 0000036B E8 [00000000]                   	CALL	_sheet_alloc
   528 00000370 6A 63                           	PUSH	99
   529 00000372 6A 10                           	PUSH	16
   530 00000374 6A 10                           	PUSH	16
   531 00000376 89 85 FFFFFBD0                  	MOV	DWORD [-1072+EBP],EAX
   532 0000037C 53                              	PUSH	EBX
   533 0000037D 50                              	PUSH	EAX
   534 0000037E E8 [00000000]                   	CALL	_sheet_setbuf
   535 00000383 83 C4 20                        	ADD	ESP,32
   536 00000386 6A 63                           	PUSH	99
   537 00000388 53                              	PUSH	EBX
   538 00000389 BB 00000002                     	MOV	EBX,2
   539 0000038E E8 [00000000]                   	CALL	_init_mouse_cursor8
   540 00000393 0F BF 05 00000FF4               	MOVSX	EAX,WORD [4084]
   541 0000039A 8D 48 F0                        	LEA	ECX,DWORD [-16+EAX]
   542 0000039D 89 C8                           	MOV	EAX,ECX
   543 0000039F 99                              	CDQ
   544 000003A0 F7 FB                           	IDIV	EBX
   545 000003A2 89 85 FFFFFBF0                  	MOV	DWORD [-1040+EBP],EAX
   546 000003A8 0F BF 05 00000FF6               	MOVSX	EAX,WORD [4086]
   547 000003AF 6A 00                           	PUSH	0
   548 000003B1 8D 48 D4                        	LEA	ECX,DWORD [-44+EAX]
   549 000003B4 6A 00                           	PUSH	0
   550 000003B6 89 C8                           	MOV	EAX,ECX
   551 000003B8 99                              	CDQ
   552 000003B9 F7 FB                           	IDIV	EBX
   553 000003BB FF B5 FFFFFBD4                  	PUSH	DWORD [-1068+EBP]
   554 000003C1 89 85 FFFFFBEC                  	MOV	DWORD [-1044+EBP],EAX
   555 000003C7 E8 [00000000]                   	CALL	_sheet_slide
   556 000003CC 6A 04                           	PUSH	4
   557 000003CE 6A 20                           	PUSH	32
   558 000003D0 FF B5 FFFFFBCC                  	PUSH	DWORD [-1076+EBP]
   559 000003D6 E8 [00000000]                   	CALL	_sheet_slide
   560 000003DB 83 C4 20                        	ADD	ESP,32
   561 000003DE 6A 38                           	PUSH	56
   562 000003E0 6A 08                           	PUSH	8
   563 000003E2 57                              	PUSH	EDI
   564 000003E3 E8 [00000000]                   	CALL	_sheet_slide
   565 000003E8 FF B5 FFFFFBEC                  	PUSH	DWORD [-1044+EBP]
   566 000003EE FF B5 FFFFFBF0                  	PUSH	DWORD [-1040+EBP]
   567 000003F4 FF B5 FFFFFBD0                  	PUSH	DWORD [-1072+EBP]
   568 000003FA E8 [00000000]                   	CALL	_sheet_slide
   569 000003FF 6A 00                           	PUSH	0
   570 00000401 FF B5 FFFFFBD4                  	PUSH	DWORD [-1068+EBP]
   571 00000407 E8 [00000000]                   	CALL	_sheet_updown
   572 0000040C 83 C4 20                        	ADD	ESP,32
   573 0000040F 6A 01                           	PUSH	1
   574 00000411 FF B5 FFFFFBCC                  	PUSH	DWORD [-1076+EBP]
   575 00000417 E8 [00000000]                   	CALL	_sheet_updown
   576 0000041C 6A 02                           	PUSH	2
   577 0000041E 57                              	PUSH	EDI
   578 0000041F E8 [00000000]                   	CALL	_sheet_updown
   579 00000424 6A 03                           	PUSH	3
   580 00000426 FF B5 FFFFFBD0                  	PUSH	DWORD [-1072+EBP]
   581 0000042C E8 [00000000]                   	CALL	_sheet_updown
   582 00000431 8D 55 84                        	LEA	EDX,DWORD [-124+EBP]
   583 00000434 68 000000ED                     	PUSH	237
   584 00000439 52                              	PUSH	EDX
   585 0000043A E8 [00000000]                   	CALL	_fifo32_put
   586 0000043F 8D 45 84                        	LEA	EAX,DWORD [-124+EBP]
   587 00000442 83 C4 20                        	ADD	ESP,32
   588 00000445 FF B5 FFFFFBB0                  	PUSH	DWORD [-1104+EBP]
   589 0000044B 50                              	PUSH	EAX
   590 0000044C E8 [00000000]                   	CALL	_fifo32_put
   591 00000451 59                              	POP	ECX
   592 00000452 5B                              	POP	EBX
   593 00000453                                 L2:
   594 00000453 8D 5D 84                        	LEA	EBX,DWORD [-124+EBP]
   595 00000456 53                              	PUSH	EBX
   596 00000457 E8 [00000000]                   	CALL	_fifo32_status
   597 0000045C 5A                              	POP	EDX
   598 0000045D 85 C0                           	TEST	EAX,EAX
   599 0000045F 7E 0D                           	JLE	L5
   600 00000461 83 BD FFFFFBAC 00               	CMP	DWORD [-1108+EBP],0
   601 00000468 0F 88 00000676                  	JS	L61
   602 0000046E                                 L5:
   603 0000046E 8D 5D A4                        	LEA	EBX,DWORD [-92+EBP]
   604 00000471 E8 [00000000]                   	CALL	_io_cli
   605 00000476 53                              	PUSH	EBX
   606 00000477 E8 [00000000]                   	CALL	_fifo32_status
   607 0000047C 5E                              	POP	ESI
   608 0000047D 85 C0                           	TEST	EAX,EAX
   609 0000047F 0F 84 00000649                  	JE	L62
   610 00000485 53                              	PUSH	EBX
   611 00000486 E8 [00000000]                   	CALL	_fifo32_get
   612 0000048B 89 C6                           	MOV	ESI,EAX
   613 0000048D E8 [00000000]                   	CALL	_io_sti
   614 00000492 5A                              	POP	EDX
   615 00000493 8D 86 FFFFFF00                  	LEA	EAX,DWORD [-256+ESI]
   616 00000499 3D 000000FF                     	CMP	EAX,255
   617 0000049E 0F 86 000001AC                  	JBE	L63
   618 000004A4 8D 86 FFFFFE00                  	LEA	EAX,DWORD [-512+ESI]
   619 000004AA 3D 000000FF                     	CMP	EAX,255
   620 000004AF 0F 86 000000C2                  	JBE	L64
   621 000004B5 83 FE 01                        	CMP	ESI,1
   622 000004B8 7F 99                           	JG	L2
   623 000004BA 85 F6                           	TEST	ESI,ESI
   624 000004BC 0F 84 00000088                  	JE	L54
   625 000004C2 6A 00                           	PUSH	0
   626 000004C4 53                              	PUSH	EBX
   627 000004C5 FF B5 FFFFFBC0                  	PUSH	DWORD [-1088+EBP]
   628 000004CB E8 [00000000]                   	CALL	_timer_init
   629 000004D0 83 C4 0C                        	ADD	ESP,12
   630 000004D3 83 BD FFFFFBE4 00               	CMP	DWORD [-1052+EBP],0
   631 000004DA 78 0A                           	JS	L56
   632 000004DC C7 85 FFFFFBE4 00000000         	MOV	DWORD [-1052+EBP],0
   633 000004E6                                 L56:
   634 000004E6 6A 32                           	PUSH	50
   635 000004E8 FF B5 FFFFFBC0                  	PUSH	DWORD [-1088+EBP]
   636 000004EE E8 [00000000]                   	CALL	_timer_settime
   637 000004F3 58                              	POP	EAX
   638 000004F4 5A                              	POP	EDX
   639 000004F5 83 BD FFFFFBE4 00               	CMP	DWORD [-1052+EBP],0
   640 000004FC 0F 88 FFFFFF51                  	JS	L2
   641 00000502 8B 85 FFFFFBE8                  	MOV	EAX,DWORD [-1048+EBP]
   642 00000508 6A 2B                           	PUSH	43
   643 0000050A 83 C0 07                        	ADD	EAX,7
   644 0000050D 50                              	PUSH	EAX
   645 0000050E 6A 1C                           	PUSH	28
   646 00000510 FF B5 FFFFFBE8                  	PUSH	DWORD [-1048+EBP]
   647 00000516 0F B6 85 FFFFFBE4               	MOVZX	EAX,BYTE [-1052+EBP]
   648 0000051D 50                              	PUSH	EAX
   649 0000051E FF 77 04                        	PUSH	DWORD [4+EDI]
   650 00000521 FF 37                           	PUSH	DWORD [EDI]
   651 00000523 E8 [00000000]                   	CALL	_boxfill8
   652 00000528 8B 85 FFFFFBE8                  	MOV	EAX,DWORD [-1048+EBP]
   653 0000052E 6A 2C                           	PUSH	44
   654 00000530 83 C0 08                        	ADD	EAX,8
   655 00000533 50                              	PUSH	EAX
   656 00000534 6A 1C                           	PUSH	28
   657 00000536 FF B5 FFFFFBE8                  	PUSH	DWORD [-1048+EBP]
   658 0000053C 57                              	PUSH	EDI
   659 0000053D E8 [00000000]                   	CALL	_sheet_refresh
   660 00000542 83 C4 30                        	ADD	ESP,48
   661 00000545 E9 FFFFFF09                     	JMP	L2
   662 0000054A                                 L54:
   663 0000054A 6A 01                           	PUSH	1
   664 0000054C 53                              	PUSH	EBX
   665 0000054D FF B5 FFFFFBC0                  	PUSH	DWORD [-1088+EBP]
   666 00000553 E8 [00000000]                   	CALL	_timer_init
   667 00000558 83 C4 0C                        	ADD	ESP,12
   668 0000055B 83 BD FFFFFBE4 00               	CMP	DWORD [-1052+EBP],0
   669 00000562 0F 88 FFFFFF7E                  	JS	L56
   670 00000568 C7 85 FFFFFBE4 00000007         	MOV	DWORD [-1052+EBP],7
   671 00000572 E9 FFFFFF6F                     	JMP	L56
   672 00000577                                 L64:
   673 00000577 89 F2                           	MOV	EDX,ESI
   674 00000579 0F B6 C2                        	MOVZX	EAX,DL
   675 0000057C 50                              	PUSH	EAX
   676 0000057D 8D 85 FFFFFCF4                  	LEA	EAX,DWORD [-780+EBP]
   677 00000583 50                              	PUSH	EAX
   678 00000584 E8 [00000000]                   	CALL	_mouse_decode
   679 00000589 59                              	POP	ECX
   680 0000058A 5B                              	POP	EBX
   681 0000058B 85 C0                           	TEST	EAX,EAX
   682 0000058D 0F 84 FFFFFEC0                  	JE	L2
   683 00000593 8B 85 FFFFFCFC                  	MOV	EAX,DWORD [-772+EBP]
   684 00000599 8B 95 FFFFFCF8                  	MOV	EDX,DWORD [-776+EBP]
   685 0000059F 01 85 FFFFFBEC                  	ADD	DWORD [-1044+EBP],EAX
   686 000005A5 01 95 FFFFFBF0                  	ADD	DWORD [-1040+EBP],EDX
   687 000005AB 0F 88 00000090                  	JS	L65
   688 000005B1                                 L47:
   689 000005B1 83 BD FFFFFBEC 00               	CMP	DWORD [-1044+EBP],0
   690 000005B8 78 78                           	JS	L66
   691 000005BA                                 L48:
   692 000005BA 0F BF 05 00000FF4               	MOVSX	EAX,WORD [4084]
   693 000005C1 48                              	DEC	EAX
   694 000005C2 39 85 FFFFFBF0                  	CMP	DWORD [-1040+EBP],EAX
   695 000005C8 7E 06                           	JLE	L49
   696 000005CA 89 85 FFFFFBF0                  	MOV	DWORD [-1040+EBP],EAX
   697 000005D0                                 L49:
   698 000005D0 0F BF 05 00000FF6               	MOVSX	EAX,WORD [4086]
   699 000005D7 48                              	DEC	EAX
   700 000005D8 39 85 FFFFFBEC                  	CMP	DWORD [-1044+EBP],EAX
   701 000005DE 7E 06                           	JLE	L50
   702 000005E0 89 85 FFFFFBEC                  	MOV	DWORD [-1044+EBP],EAX
   703 000005E6                                 L50:
   704 000005E6 FF B5 FFFFFBEC                  	PUSH	DWORD [-1044+EBP]
   705 000005EC FF B5 FFFFFBF0                  	PUSH	DWORD [-1040+EBP]
   706 000005F2 FF B5 FFFFFBD0                  	PUSH	DWORD [-1072+EBP]
   707 000005F8 E8 [00000000]                   	CALL	_sheet_slide
   708 000005FD 83 C4 0C                        	ADD	ESP,12
   709 00000600 F7 85 FFFFFD00 00000001         	TEST	DWORD [-768+EBP],1
   710 0000060A 0F 84 FFFFFE43                  	JE	L2
   711 00000610 8B 85 FFFFFBEC                  	MOV	EAX,DWORD [-1044+EBP]
   712 00000616 83 E8 08                        	SUB	EAX,8
   713 00000619 50                              	PUSH	EAX
   714 0000061A 8B 85 FFFFFBF0                  	MOV	EAX,DWORD [-1040+EBP]
   715 00000620 83 E8 50                        	SUB	EAX,80
   716 00000623 50                              	PUSH	EAX
   717 00000624 57                              	PUSH	EDI
   718 00000625 E8 [00000000]                   	CALL	_sheet_slide
   719 0000062A 83 C4 0C                        	ADD	ESP,12
   720 0000062D E9 FFFFFE21                     	JMP	L2
   721 00000632                                 L66:
   722 00000632 C7 85 FFFFFBEC 00000000         	MOV	DWORD [-1044+EBP],0
   723 0000063C E9 FFFFFF79                     	JMP	L48
   724 00000641                                 L65:
   725 00000641 C7 85 FFFFFBF0 00000000         	MOV	DWORD [-1040+EBP],0
   726 0000064B E9 FFFFFF61                     	JMP	L47
   727 00000650                                 L63:
   728 00000650 50                              	PUSH	EAX
   729 00000651 8D 5D C4                        	LEA	EBX,DWORD [-60+EBP]
   730 00000654 68 [0000010F]                   	PUSH	LC2
   731 00000659 53                              	PUSH	EBX
   732 0000065A E8 [00000000]                   	CALL	_sprintf
   733 0000065F 6A 02                           	PUSH	2
   734 00000661 53                              	PUSH	EBX
   735 00000662 6A 0E                           	PUSH	14
   736 00000664 6A 07                           	PUSH	7
   737 00000666 6A 10                           	PUSH	16
   738 00000668 6A 00                           	PUSH	0
   739 0000066A FF B5 FFFFFBD4                  	PUSH	DWORD [-1068+EBP]
   740 00000670 E8 [00000000]                   	CALL	_putfonts8_asc_sht
   741 00000675 83 C4 28                        	ADD	ESP,40
   742 00000678 81 FE 0000017F                  	CMP	ESI,383
   743 0000067E 0F 8F 00000441                  	JG	L9
   744 00000684 83 BD FFFFFBB8 00               	CMP	DWORD [-1096+EBP],0
   745 0000068B 0F 84 0000041C                  	JE	L10
   746 00000691 8A 86 [FFFFFF80]                	MOV	AL,BYTE [_keytable_shift.1-256+ESI]
   747 00000697                                 L60:
   748 00000697 88 45 C4                        	MOV	BYTE [-60+EBP],AL
   749 0000069A                                 L14:
   750 0000069A 8A 55 C4                        	MOV	DL,BYTE [-60+EBP]
   751 0000069D 8D 42 BF                        	LEA	EAX,DWORD [-65+EDX]
   752 000006A0 3C 19                           	CMP	AL,25
   753 000006A2 77 1D                           	JA	L15
   754 000006A4 F7 85 FFFFFBB0 00000004         	TEST	DWORD [-1104+EBP],4
   755 000006AE 0F 85 000003EA                  	JNE	L59
   756 000006B4 83 BD FFFFFBB8 00               	CMP	DWORD [-1096+EBP],0
   757 000006BB 0F 84 000003D2                  	JE	L17
   758 000006C1                                 L15:
   759 000006C1 8A 45 C4                        	MOV	AL,BYTE [-60+EBP]
   760 000006C4 84 C0                           	TEST	AL,AL
   761 000006C6 74 3C                           	JE	L19
   762 000006C8 83 BD FFFFFBBC 00               	CMP	DWORD [-1092+EBP],0
   763 000006CF 0F 85 0000039F                  	JNE	L20
   764 000006D5 83 BD FFFFFBE8 7F               	CMP	DWORD [-1048+EBP],127
   765 000006DC 7F 26                           	JG	L19
   766 000006DE 6A 01                           	PUSH	1
   767 000006E0 8D 45 C4                        	LEA	EAX,DWORD [-60+EBP]
   768 000006E3 50                              	PUSH	EAX
   769 000006E4 6A 07                           	PUSH	7
   770 000006E6 6A 00                           	PUSH	0
   771 000006E8 6A 1C                           	PUSH	28
   772 000006EA FF B5 FFFFFBE8                  	PUSH	DWORD [-1048+EBP]
   773 000006F0 57                              	PUSH	EDI
   774 000006F1 C6 45 C5 00                     	MOV	BYTE [-59+EBP],0
   775 000006F5 E8 [00000000]                   	CALL	_putfonts8_asc_sht
   776 000006FA 83 C4 1C                        	ADD	ESP,28
   777 000006FD 83 85 FFFFFBE8 08               	ADD	DWORD [-1048+EBP],8
   778 00000704                                 L19:
   779 00000704 81 FE 0000010E                  	CMP	ESI,270
   780 0000070A 0F 84 0000030B                  	JE	L67
   781 00000710                                 L23:
   782 00000710 81 FE 0000011C                  	CMP	ESI,284
   783 00000716 0F 84 000002D7                  	JE	L68
   784 0000071C                                 L27:
   785 0000071C 81 FE 0000010F                  	CMP	ESI,271
   786 00000722 0F 84 000001B8                  	JE	L69
   787 00000728                                 L29:
   788 00000728 81 FE 0000012A                  	CMP	ESI,298
   789 0000072E 0F 84 000001A0                  	JE	L70
   790 00000734                                 L32:
   791 00000734 81 FE 00000136                  	CMP	ESI,310
   792 0000073A 0F 84 00000188                  	JE	L71
   793 00000740                                 L33:
   794 00000740 81 FE 000001AA                  	CMP	ESI,426
   795 00000746 0F 84 00000170                  	JE	L72
   796 0000074C                                 L34:
   797 0000074C 81 FE 000001B6                  	CMP	ESI,438
   798 00000752 0F 84 00000158                  	JE	L73
   799 00000758                                 L35:
   800 00000758 81 FE 00000138                  	CMP	ESI,312
   801 0000075E 0F 84 00000140                  	JE	L74
   802 00000764                                 L36:
   803 00000764 81 FE 000001B8                  	CMP	ESI,440
   804 0000076A 0F 84 00000128                  	JE	L75
   805 00000770                                 L37:
   806 00000770 81 FE 0000013A                  	CMP	ESI,314
   807 00000776 0F 84 000000F3                  	JE	L76
   808 0000077C                                 L38:
   809 0000077C 81 FE 00000145                  	CMP	ESI,325
   810 00000782 0F 84 000000BE                  	JE	L77
   811 00000788                                 L39:
   812 00000788 81 FE 00000146                  	CMP	ESI,326
   813 0000078E 0F 84 00000089                  	JE	L78
   814 00000794                                 L40:
   815 00000794 81 FE 000001FA                  	CMP	ESI,506
   816 0000079A 74 72                           	JE	L79
   817 0000079C                                 L41:
   818 0000079C 81 FE 000001FE                  	CMP	ESI,510
   819 000007A2 74 54                           	JE	L80
   820 000007A4                                 L42:
   821 000007A4 83 BD FFFFFBE4 00               	CMP	DWORD [-1052+EBP],0
   822 000007AB 78 29                           	JS	L43
   823 000007AD 8B 85 FFFFFBE8                  	MOV	EAX,DWORD [-1048+EBP]
   824 000007B3 6A 2B                           	PUSH	43
   825 000007B5 83 C0 07                        	ADD	EAX,7
   826 000007B8 50                              	PUSH	EAX
   827 000007B9 6A 1C                           	PUSH	28
   828 000007BB FF B5 FFFFFBE8                  	PUSH	DWORD [-1048+EBP]
   829 000007C1 0F B6 85 FFFFFBE4               	MOVZX	EAX,BYTE [-1052+EBP]
   830 000007C8 50                              	PUSH	EAX
   831 000007C9 FF 77 04                        	PUSH	DWORD [4+EDI]
   832 000007CC FF 37                           	PUSH	DWORD [EDI]
   833 000007CE E8 [00000000]                   	CALL	_boxfill8
   834 000007D3 83 C4 1C                        	ADD	ESP,28
   835 000007D6                                 L43:
   836 000007D6 8B 85 FFFFFBE8                  	MOV	EAX,DWORD [-1048+EBP]
   837 000007DC 6A 2C                           	PUSH	44
   838 000007DE 83 C0 08                        	ADD	EAX,8
   839 000007E1 50                              	PUSH	EAX
   840 000007E2 6A 1C                           	PUSH	28
   841 000007E4 FF B5 FFFFFBE8                  	PUSH	DWORD [-1048+EBP]
   842 000007EA 57                              	PUSH	EDI
   843 000007EB E8 [00000000]                   	CALL	_sheet_refresh
   844 000007F0 83 C4 14                        	ADD	ESP,20
   845 000007F3 E9 FFFFFC5B                     	JMP	L2
   846 000007F8                                 L80:
   847 000007F8 E8 [00000000]                   	CALL	_wait_KBC_sendready
   848 000007FD FF B5 FFFFFBAC                  	PUSH	DWORD [-1108+EBP]
   849 00000803 6A 60                           	PUSH	96
   850 00000805 E8 [00000000]                   	CALL	_io_out8
   851 0000080A 5E                              	POP	ESI
   852 0000080B 58                              	POP	EAX
   853 0000080C EB 96                           	JMP	L42
   854 0000080E                                 L79:
   855 0000080E C7 85 FFFFFBAC FFFFFFFF         	MOV	DWORD [-1108+EBP],-1
   856 00000818 E9 FFFFFF7F                     	JMP	L41
   857 0000081D                                 L78:
   858 0000081D 68 000000ED                     	PUSH	237
   859 00000822 8D 5D 84                        	LEA	EBX,DWORD [-124+EBP]
   860 00000825 53                              	PUSH	EBX
   861 00000826 83 B5 FFFFFBB0 01               	XOR	DWORD [-1104+EBP],1
   862 0000082D E8 [00000000]                   	CALL	_fifo32_put
   863 00000832 FF B5 FFFFFBB0                  	PUSH	DWORD [-1104+EBP]
   864 00000838 53                              	PUSH	EBX
   865 00000839 E8 [00000000]                   	CALL	_fifo32_put
   866 0000083E 83 C4 10                        	ADD	ESP,16
   867 00000841 E9 FFFFFF4E                     	JMP	L40
   868 00000846                                 L77:
   869 00000846 68 000000ED                     	PUSH	237
   870 0000084B 8D 5D 84                        	LEA	EBX,DWORD [-124+EBP]
   871 0000084E 53                              	PUSH	EBX
   872 0000084F 83 B5 FFFFFBB0 02               	XOR	DWORD [-1104+EBP],2
   873 00000856 E8 [00000000]                   	CALL	_fifo32_put
   874 0000085B FF B5 FFFFFBB0                  	PUSH	DWORD [-1104+EBP]
   875 00000861 53                              	PUSH	EBX
   876 00000862 E8 [00000000]                   	CALL	_fifo32_put
   877 00000867 83 C4 10                        	ADD	ESP,16
   878 0000086A E9 FFFFFF19                     	JMP	L39
   879 0000086F                                 L76:
   880 0000086F 68 000000ED                     	PUSH	237
   881 00000874 8D 5D 84                        	LEA	EBX,DWORD [-124+EBP]
   882 00000877 53                              	PUSH	EBX
   883 00000878 83 B5 FFFFFBB0 04               	XOR	DWORD [-1104+EBP],4
   884 0000087F E8 [00000000]                   	CALL	_fifo32_put
   885 00000884 FF B5 FFFFFBB0                  	PUSH	DWORD [-1104+EBP]
   886 0000088A 53                              	PUSH	EBX
   887 0000088B E8 [00000000]                   	CALL	_fifo32_put
   888 00000890 83 C4 10                        	ADD	ESP,16
   889 00000893 E9 FFFFFEE4                     	JMP	L38
   890 00000898                                 L75:
   891 00000898 83 A5 FFFFFBB4 FE               	AND	DWORD [-1100+EBP],-2
   892 0000089F E9 FFFFFECC                     	JMP	L37
   893 000008A4                                 L74:
   894 000008A4 83 8D FFFFFBB4 FE               	OR	DWORD [-1100+EBP],-2
   895 000008AB E9 FFFFFEB4                     	JMP	L36
   896 000008B0                                 L73:
   897 000008B0 83 A5 FFFFFBB8 FD               	AND	DWORD [-1096+EBP],-3
   898 000008B7 E9 FFFFFE9C                     	JMP	L35
   899 000008BC                                 L72:
   900 000008BC 83 A5 FFFFFBB8 FE               	AND	DWORD [-1096+EBP],-2
   901 000008C3 E9 FFFFFE84                     	JMP	L34
   902 000008C8                                 L71:
   903 000008C8 83 8D FFFFFBB8 02               	OR	DWORD [-1096+EBP],2
   904 000008CF E9 FFFFFE6C                     	JMP	L33
   905 000008D4                                 L70:
   906 000008D4 83 8D FFFFFBB8 01               	OR	DWORD [-1096+EBP],1
   907 000008DB E9 FFFFFE54                     	JMP	L32
   908 000008E0                                 L69:
   909 000008E0 83 BD FFFFFBBC 00               	CMP	DWORD [-1092+EBP],0
   910 000008E7 0F 85 000000A7                  	JNE	L30
   911 000008ED 6A 00                           	PUSH	0
   912 000008EF 68 [00000108]                   	PUSH	LC1
   913 000008F4 FF 77 04                        	PUSH	DWORD [4+EDI]
   914 000008F7 FF B5 FFFFFBDC                  	PUSH	DWORD [-1060+EBP]
   915 000008FD C7 85 FFFFFBBC 00000001         	MOV	DWORD [-1092+EBP],1
   916 00000907 E8 [00000000]                   	CALL	_make_wtitle8
   917 0000090C 8B 95 FFFFFBCC                  	MOV	EDX,DWORD [-1076+EBP]
   918 00000912 6A 01                           	PUSH	1
   919 00000914 68 [00000100]                   	PUSH	LC0
   920 00000919 FF 72 04                        	PUSH	DWORD [4+EDX]
   921 0000091C FF B5 FFFFFBD8                  	PUSH	DWORD [-1064+EBP]
   922 00000922 E8 [00000000]                   	CALL	_make_wtitle8
   923 00000927 8B 85 FFFFFBE8                  	MOV	EAX,DWORD [-1048+EBP]
   924 0000092D 83 C4 20                        	ADD	ESP,32
   925 00000930 83 C0 07                        	ADD	EAX,7
   926 00000933 C7 85 FFFFFBE4 FFFFFFFF         	MOV	DWORD [-1052+EBP],-1
   927 0000093D 6A 2B                           	PUSH	43
   928 0000093F 50                              	PUSH	EAX
   929 00000940 6A 1C                           	PUSH	28
   930 00000942 FF B5 FFFFFBE8                  	PUSH	DWORD [-1048+EBP]
   931 00000948 6A 07                           	PUSH	7
   932 0000094A FF 77 04                        	PUSH	DWORD [4+EDI]
   933 0000094D FF 37                           	PUSH	DWORD [EDI]
   934 0000094F E8 [00000000]                   	CALL	_boxfill8
   935 00000954 8B 85 FFFFFBC4                  	MOV	EAX,DWORD [-1084+EBP]
   936 0000095A 6A 02                           	PUSH	2
   937 0000095C 83 C0 10                        	ADD	EAX,16
   938 0000095F 50                              	PUSH	EAX
   939 00000960 E8 [00000000]                   	CALL	_fifo32_put
   940 00000965 83 C4 24                        	ADD	ESP,36
   941 00000968                                 L31:
   942 00000968 6A 15                           	PUSH	21
   943 0000096A FF 77 04                        	PUSH	DWORD [4+EDI]
   944 0000096D 6A 00                           	PUSH	0
   945 0000096F 6A 00                           	PUSH	0
   946 00000971 57                              	PUSH	EDI
   947 00000972 E8 [00000000]                   	CALL	_sheet_refresh
   948 00000977 8B 95 FFFFFBCC                  	MOV	EDX,DWORD [-1076+EBP]
   949 0000097D 6A 15                           	PUSH	21
   950 0000097F FF 72 04                        	PUSH	DWORD [4+EDX]
   951 00000982 6A 00                           	PUSH	0
   952 00000984 6A 00                           	PUSH	0
   953 00000986 52                              	PUSH	EDX
   954 00000987 E8 [00000000]                   	CALL	_sheet_refresh
   955 0000098C 83 C4 28                        	ADD	ESP,40
   956 0000098F E9 FFFFFD94                     	JMP	L29
   957 00000994                                 L30:
   958 00000994 6A 01                           	PUSH	1
   959 00000996 68 [00000108]                   	PUSH	LC1
   960 0000099B FF 77 04                        	PUSH	DWORD [4+EDI]
   961 0000099E FF B5 FFFFFBDC                  	PUSH	DWORD [-1060+EBP]
   962 000009A4 C7 85 FFFFFBBC 00000000         	MOV	DWORD [-1092+EBP],0
   963 000009AE E8 [00000000]                   	CALL	_make_wtitle8
   964 000009B3 8B 85 FFFFFBCC                  	MOV	EAX,DWORD [-1076+EBP]
   965 000009B9 6A 00                           	PUSH	0
   966 000009BB 68 [00000100]                   	PUSH	LC0
   967 000009C0 FF 70 04                        	PUSH	DWORD [4+EAX]
   968 000009C3 FF B5 FFFFFBD8                  	PUSH	DWORD [-1064+EBP]
   969 000009C9 E8 [00000000]                   	CALL	_make_wtitle8
   970 000009CE 8B 85 FFFFFBC4                  	MOV	EAX,DWORD [-1084+EBP]
   971 000009D4 83 C4 20                        	ADD	ESP,32
   972 000009D7 83 C0 10                        	ADD	EAX,16
   973 000009DA C7 85 FFFFFBE4 00000000         	MOV	DWORD [-1052+EBP],0
   974 000009E4 6A 03                           	PUSH	3
   975 000009E6 50                              	PUSH	EAX
   976 000009E7 E8 [00000000]                   	CALL	_fifo32_put
   977 000009EC 58                              	POP	EAX
   978 000009ED 5A                              	POP	EDX
   979 000009EE E9 FFFFFF75                     	JMP	L31
   980 000009F3                                 L68:
   981 000009F3 83 BD FFFFFBBC 00               	CMP	DWORD [-1092+EBP],0
   982 000009FA 0F 84 FFFFFD1C                  	JE	L27
   983 00000A00 8B 85 FFFFFBC4                  	MOV	EAX,DWORD [-1084+EBP]
   984 00000A06 68 0000010A                     	PUSH	266
   985 00000A0B 83 C0 10                        	ADD	EAX,16
   986 00000A0E 50                              	PUSH	EAX
   987 00000A0F E8 [00000000]                   	CALL	_fifo32_put
   988 00000A14 59                              	POP	ECX
   989 00000A15 5B                              	POP	EBX
   990 00000A16 E9 FFFFFD01                     	JMP	L27
   991 00000A1B                                 L67:
   992 00000A1B 83 BD FFFFFBBC 00               	CMP	DWORD [-1092+EBP],0
   993 00000A22 75 35                           	JNE	L24
   994 00000A24 83 BD FFFFFBE8 08               	CMP	DWORD [-1048+EBP],8
   995 00000A2B 0F 8E FFFFFCDF                  	JLE	L23
   996 00000A31 6A 01                           	PUSH	1
   997 00000A33 68 [00000114]                   	PUSH	LC3
   998 00000A38 6A 07                           	PUSH	7
   999 00000A3A 6A 00                           	PUSH	0
  1000 00000A3C 6A 1C                           	PUSH	28
  1001 00000A3E FF B5 FFFFFBE8                  	PUSH	DWORD [-1048+EBP]
  1002 00000A44 57                              	PUSH	EDI
  1003 00000A45 E8 [00000000]                   	CALL	_putfonts8_asc_sht
  1004 00000A4A 83 C4 1C                        	ADD	ESP,28
  1005 00000A4D 83 AD FFFFFBE8 08               	SUB	DWORD [-1048+EBP],8
  1006 00000A54 E9 FFFFFCB7                     	JMP	L23
  1007 00000A59                                 L24:
  1008 00000A59 8B 85 FFFFFBC4                  	MOV	EAX,DWORD [-1084+EBP]
  1009 00000A5F 68 00000108                     	PUSH	264
  1010 00000A64 83 C0 10                        	ADD	EAX,16
  1011 00000A67 50                              	PUSH	EAX
  1012 00000A68 E8 [00000000]                   	CALL	_fifo32_put
  1013 00000A6D 58                              	POP	EAX
  1014 00000A6E 5A                              	POP	EDX
  1015 00000A6F E9 FFFFFC9C                     	JMP	L23
  1016 00000A74                                 L20:
  1017 00000A74 0F BE C0                        	MOVSX	EAX,AL
  1018 00000A77 05 00000100                     	ADD	EAX,256
  1019 00000A7C 50                              	PUSH	EAX
  1020 00000A7D 8B 85 FFFFFBC4                  	MOV	EAX,DWORD [-1084+EBP]
  1021 00000A83 83 C0 10                        	ADD	EAX,16
  1022 00000A86 50                              	PUSH	EAX
  1023 00000A87 E8 [00000000]                   	CALL	_fifo32_put
  1024 00000A8C 59                              	POP	ECX
  1025 00000A8D 5B                              	POP	EBX
  1026 00000A8E E9 FFFFFC71                     	JMP	L19
  1027 00000A93                                 L17:
  1028 00000A93 8D 42 20                        	LEA	EAX,DWORD [32+EDX]
  1029 00000A96 88 45 C4                        	MOV	BYTE [-60+EBP],AL
  1030 00000A99 E9 FFFFFC23                     	JMP	L15
  1031 00000A9E                                 L59:
  1032 00000A9E 83 BD FFFFFBB8 00               	CMP	DWORD [-1096+EBP],0
  1033 00000AA5 0F 84 FFFFFC16                  	JE	L15
  1034 00000AAB EB E6                           	JMP	L17
  1035 00000AAD                                 L10:
  1036 00000AAD 83 BD FFFFFBB4 00               	CMP	DWORD [-1100+EBP],0
  1037 00000AB4 0F 85 FFFFFBE0                  	JNE	L14
  1038 00000ABA 8A 86 [FFFFFF00]                	MOV	AL,BYTE [_keytable0.0-256+ESI]
  1039 00000AC0 E9 FFFFFBD2                     	JMP	L60
  1040 00000AC5                                 L9:
  1041 00000AC5 C6 45 C4 00                     	MOV	BYTE [-60+EBP],0
  1042 00000AC9 E9 FFFFFBCC                     	JMP	L14
  1043 00000ACE                                 L62:
  1044 00000ACE FF B5 FFFFFBC8                  	PUSH	DWORD [-1080+EBP]
  1045 00000AD4 E8 [00000000]                   	CALL	_task_sleep
  1046 00000AD9 E8 [00000000]                   	CALL	_io_sti
  1047 00000ADE 59                              	POP	ECX
  1048 00000ADF E9 FFFFF96F                     	JMP	L2
  1049 00000AE4                                 L61:
  1050 00000AE4 53                              	PUSH	EBX
  1051 00000AE5 E8 [00000000]                   	CALL	_fifo32_get
  1052 00000AEA 89 85 FFFFFBAC                  	MOV	DWORD [-1108+EBP],EAX
  1053 00000AF0 E8 [00000000]                   	CALL	_wait_KBC_sendready
  1054 00000AF5 FF B5 FFFFFBAC                  	PUSH	DWORD [-1108+EBP]
  1055 00000AFB 6A 60                           	PUSH	96
  1056 00000AFD E8 [00000000]                   	CALL	_io_out8
  1057 00000B02 83 C4 0C                        	ADD	ESP,12
  1058 00000B05 E9 FFFFF964                     	JMP	L5
